2025-04-04 01:37:42 | INFO     | ==== INICIO DEL PROCESO ====
2025-04-04 01:37:42 | INFO     | Cargando datos desde: datos.csv
2025-04-04 01:37:42 | INFO     | Datos cargados correctamente. Muestras: 1297
2025-04-04 01:37:45 | INFO     | Gráficos generados exitosamente
2025-04-04 01:37:46 | INFO     | Gráfico guardado: graficos/altitud_presion.html
2025-04-04 01:37:46 | INFO     | Gráfico guardado: graficos/trayectoria_3d.html
2025-04-04 01:37:46 | INFO     | Gráfico guardado: graficos/panel_sensores.html
2025-04-04 01:37:46 | INFO     | ==== PROCESO COMPLETADO ====
2025-04-04 01:54:12 | INFO     | ==== INICIO DEL PROCESO ====
2025-04-04 01:54:12 | INFO     | Cargando datos desde: datos.csv
2025-04-04 01:54:12 | INFO     | Datos cargados correctamente. Muestras: 1297
2025-04-04 01:54:12 | INFO     | Gráficos generados exitosamente
2025-04-04 01:54:12 | INFO     | Gráfico guardado: graficos/altitud_presion.html
2025-04-04 01:54:12 | INFO     | Gráfico guardado: graficos/trayectoria_3d.html
2025-04-04 01:54:12 | INFO     | Gráfico guardado: graficos/panel_sensores.html
2025-04-04 01:54:12 | INFO     | ==== PROCESO COMPLETADO ====
2025-04-04 01:54:41 | INFO     | ==== INICIO DEL PROCESO ====
2025-04-04 01:54:41 | INFO     | Cargando datos desde: datos.csv
2025-04-04 01:54:41 | INFO     | Datos cargados correctamente. Muestras: 1297
2025-04-04 01:54:41 | INFO     | Gráficos generados exitosamente
2025-04-04 01:54:41 | INFO     | Gráfico guardado: graficos/altitud_presion.html
2025-04-04 01:54:41 | INFO     | Gráfico guardado: graficos/trayectoria_3d.html
2025-04-04 01:54:41 | INFO     | Gráfico guardado: graficos/panel_sensores.html
2025-04-04 01:54:41 | INFO     | ==== PROCESO COMPLETADO ====
2025-04-04 02:43:29 | INFO     | ==== INICIO DEL PROCESO ====
2025-04-04 02:43:29 | INFO     | Cargando datos desde: datos.csv
2025-04-04 02:43:29 | INFO     | Datos cargados correctamente. Muestras: 1297
2025-04-04 02:43:33 | INFO     | Gráficos generados exitosamente
2025-04-04 02:43:34 | INFO     | Gráfico guardado: graficos/altitud_presion.html
2025-04-04 02:43:34 | INFO     | Gráfico guardado: graficos/trayectoria_3d.html
2025-04-04 02:43:34 | INFO     | Gráfico guardado: graficos/panel_sensores.html
2025-04-04 02:43:34 | INFO     | ==== PROCESO COMPLETADO ====
2025-04-04 02:49:23 | INFO     | ==== INICIO DEL PROCESO ====
2025-04-04 02:49:23 | INFO     | Cargando datos desde: datos.csv
2025-04-04 02:49:23 | INFO     | Datos cargados correctamente. Muestras: 1297
2025-04-04 02:49:23 | INFO     | Gráficos generados exitosamente
2025-04-04 02:49:23 | INFO     | Gráfico guardado: graficos/altitud_presion.html
2025-04-04 02:49:23 | INFO     | Gráfico guardado: graficos/trayectoria_3d.html
2025-04-04 02:49:24 | INFO     | Gráfico guardado: graficos/panel_sensores.html
2025-04-04 02:49:24 | INFO     | ==== PROCESO COMPLETADO ====
2025-04-04 02:50:56 | INFO     | ==== INICIO DEL PROCESO ====
2025-04-04 02:50:56 | INFO     | Cargando datos desde: datos.csv
2025-04-04 02:50:56 | INFO     | Datos cargados correctamente. Muestras: 1297
2025-04-04 02:50:56 | INFO     | Gráficos generados exitosamente
2025-04-04 02:50:56 | INFO     | Gráfico guardado: graficos/altitud_presion.html
2025-04-04 02:50:56 | INFO     | Gráfico guardado: graficos/trayectoria_3d.html
2025-04-04 02:50:56 | INFO     | Gráfico guardado: graficos/panel_sensores.html
2025-04-04 02:50:56 | INFO     | ==== PROCESO COMPLETADO ====
2025-04-04 02:55:01 | INFO     | ==== INICIO DEL PROCESO ====
2025-04-04 02:55:01 | INFO     | Cargando datos desde: datos.csv
2025-04-04 02:55:01 | INFO     | Datos cargados correctamente. Muestras: 1297
2025-04-04 02:55:02 | INFO     | Gráficos generados exitosamente
2025-04-04 02:55:02 | INFO     | Gráfico guardado: graficos/altitud_presion.html
2025-04-04 02:55:02 | INFO     | Gráfico guardado: graficos/trayectoria_3d.html
2025-04-04 02:55:02 | INFO     | Gráfico guardado: graficos/panel_sensores.html
2025-04-04 02:55:02 | INFO     | ==== PROCESO COMPLETADO ====
2025-04-04 20:59:09 | INFO     | Datos cargados correctamente. Muestras: 1297
2025-04-04 20:59:09 | INFO     | Datos cargados correctamente. Muestras: 1297
2025-04-04 20:59:09 | INFO     | Gráficos generados exitosamente
2025-04-04 20:59:09 | INFO     | Gráficos generados exitosamente
2025-04-04 20:59:44 | INFO     | Datos cargados correctamente. Muestras: 1297
2025-04-04 20:59:44 | INFO     | Datos cargados correctamente. Muestras: 1297
2025-04-04 20:59:44 | INFO     | Datos cargados correctamente. Muestras: 1297
2025-04-04 20:59:44 | INFO     | Gráficos generados exitosamente
2025-04-04 20:59:44 | INFO     | Gráficos generados exitosamente
2025-04-04 20:59:44 | INFO     | Gráficos generados exitosamente
2025-04-04 20:59:56 | INFO     | Datos cargados correctamente. Muestras: 1297
2025-04-04 20:59:56 | INFO     | Datos cargados correctamente. Muestras: 1297
2025-04-04 20:59:56 | INFO     | Datos cargados correctamente. Muestras: 1297
2025-04-04 20:59:56 | INFO     | Datos cargados correctamente. Muestras: 1297
2025-04-04 20:59:56 | INFO     | Gráficos generados exitosamente
2025-04-04 20:59:56 | INFO     | Gráficos generados exitosamente
2025-04-04 20:59:56 | INFO     | Gráficos generados exitosamente
2025-04-04 20:59:56 | INFO     | Gráficos generados exitosamente
2025-04-05 00:11:10 | INFO     | Datos cargados correctamente. Muestras: 1297
2025-04-05 00:11:10 | INFO     | Datos cargados correctamente. Muestras: 1297
2025-04-05 00:11:10 | INFO     | Gráficos generados exitosamente
2025-04-05 00:11:10 | INFO     | Gráficos generados exitosamente
2025-04-05 00:14:17 | INFO     | Datos cargados correctamente. Muestras: 1297
2025-04-05 00:14:17 | INFO     | Datos cargados correctamente. Muestras: 1297
2025-04-05 00:14:18 | INFO     | Gráficos generados exitosamente
2025-04-05 00:14:18 | INFO     | Gráficos generados exitosamente
2025-04-05 00:18:52 | INFO     | Datos cargados correctamente. Muestras: 1297
2025-04-05 00:18:52 | INFO     | Datos cargados correctamente. Muestras: 1297
2025-04-05 00:18:52 | INFO     | Gráficos generados exitosamente
2025-04-05 00:18:52 | INFO     | Gráficos generados exitosamente
2025-04-05 00:19:41 | INFO     | Datos cargados correctamente. Muestras: 1297
2025-04-05 00:19:41 | INFO     | Datos cargados correctamente. Muestras: 1297
2025-04-05 00:19:41 | INFO     | Datos cargados correctamente. Muestras: 1297
2025-04-05 00:19:41 | INFO     | Gráficos generados exitosamente
2025-04-05 00:19:41 | INFO     | Gráficos generados exitosamente
2025-04-05 00:19:41 | INFO     | Gráficos generados exitosamente
2025-04-05 00:21:53 | INFO     | Datos cargados correctamente. Muestras: 1297
2025-04-05 00:21:53 | INFO     | Datos cargados correctamente. Muestras: 1297
2025-04-05 00:21:53 | INFO     | Gráficos generados exitosamente
2025-04-05 00:21:53 | INFO     | Gráficos generados exitosamente
2025-04-05 00:21:55 | INFO     | Datos cargados correctamente. Muestras: 1297
2025-04-05 00:21:55 | INFO     | Datos cargados correctamente. Muestras: 1297
2025-04-05 00:21:55 | INFO     | Datos cargados correctamente. Muestras: 1297
2025-04-05 00:21:55 | INFO     | Gráficos generados exitosamente
2025-04-05 00:21:55 | INFO     | Gráficos generados exitosamente
2025-04-05 00:21:55 | INFO     | Gráficos generados exitosamente
2025-04-05 00:22:10 | INFO     | Datos cargados correctamente. Muestras: 1297
2025-04-05 00:22:10 | INFO     | Datos cargados correctamente. Muestras: 1297
2025-04-05 00:22:10 | INFO     | Datos cargados correctamente. Muestras: 1297
2025-04-05 00:22:10 | INFO     | Datos cargados correctamente. Muestras: 1297
2025-04-05 00:22:10 | INFO     | Gráficos generados exitosamente
2025-04-05 00:22:10 | INFO     | Gráficos generados exitosamente
2025-04-05 00:22:10 | INFO     | Gráficos generados exitosamente
2025-04-05 00:22:10 | INFO     | Gráficos generados exitosamente
2025-04-05 00:22:13 | INFO     | Datos cargados correctamente. Muestras: 1297
2025-04-05 00:22:13 | INFO     | Datos cargados correctamente. Muestras: 1297
2025-04-05 00:22:13 | INFO     | Datos cargados correctamente. Muestras: 1297
2025-04-05 00:22:13 | INFO     | Datos cargados correctamente. Muestras: 1297
2025-04-05 00:22:13 | INFO     | Datos cargados correctamente. Muestras: 1297
2025-04-05 00:22:13 | INFO     | Gráficos generados exitosamente
2025-04-05 00:22:13 | INFO     | Gráficos generados exitosamente
2025-04-05 00:22:13 | INFO     | Gráficos generados exitosamente
2025-04-05 00:22:13 | INFO     | Gráficos generados exitosamente
2025-04-05 00:22:13 | INFO     | Gráficos generados exitosamente
